<?xml version="1.0" encoding="UTF-8"?>
<testsuite name="BudgetServiceTest" tests="6" skipped="0" failures="0" errors="0" timestamp="2021-12-01T08:31:16" hostname="tw-darrenchen" time="0.104">
  <properties/>
  <testcase name="test_zero_month_budget()" classname="BudgetServiceTest" time="0.092"/>
  <testcase name="test_one_month_budget()" classname="BudgetServiceTest" time="0.002"/>
  <testcase name="test_cross_month_budget()" classname="BudgetServiceTest" time="0.002"/>
  <testcase name="test_no_month_budget()" classname="BudgetServiceTest" time="0.002"/>
  <testcase name="test_start_big_than_end()" classname="BudgetServiceTest" time="0.001"/>
  <testcase name="test_partial_month_budget()" classname="BudgetServiceTest" time="0.001"/>
  <system-out><![CDATA[]]></system-out>
  <system-err><![CDATA[]]></system-err>
</testsuite>
