<?xml version="1.0" encoding="UTF-8"?>
<testsuite name="BudgetServiceTest" tests="5" skipped="0" failures="0" errors="0" timestamp="2021-12-01T08:21:21" hostname="tw-darrenchen" time="0.105">
  <properties/>
  <testcase name="test_one_month_budget()" classname="BudgetServiceTest" time="0.097"/>
  <testcase name="test_cross_month_budget()" classname="BudgetServiceTest" time="0.002"/>
  <testcase name="test_no_month_budget()" classname="BudgetServiceTest" time="0.001"/>
  <testcase name="test_start_big_than_end()" classname="BudgetServiceTest" time="0.0"/>
  <testcase name="test_partial_month_budget()" classname="BudgetServiceTest" time="0.001"/>
  <system-out><![CDATA[]]></system-out>
  <system-err><![CDATA[]]></system-err>
</testsuite>
